<?xml version="1.0" encoding="UTF-8"?>
<!-- Generated by org.testng.reporters.JUnitReportReporter -->
<testsuite skipped="0" hostname="DESKTOP-0VKQUJV" name="com.vtiger.testpom.ModifyTestingProjectTaskName" tests="1" failures="0" timestamp="2019-11-12T17:06:52 IST" time="60.857" errors="0">
  <testcase name="deleteTask" time="60.857" classname="com.vtiger.testpom.ModifyTestingProjectTaskName"/>
</testsuite> <!-- com.vtiger.testpom.ModifyTestingProjectTaskName -->
