<?xml version="1.0" encoding="UTF-8"?>
<!-- Generated by org.testng.reporters.JUnitReportReporter -->
<testsuite skipped="0" hostname="DESKTOP-0VKQUJV" name="com.vtiger.testpom.TestValidLogin" tests="1" failures="0" timestamp="2019-11-11T15:49:56 IST" time="35.570" errors="0">
  <testcase name="validLogin" time="35.570" classname="com.vtiger.testpom.TestValidLogin"/>
</testsuite> <!-- com.vtiger.testpom.TestValidLogin -->
