<?xml version="1.0" encoding="UTF-8"?>
<!-- Generated by org.testng.reporters.JUnitReportReporter -->
<testsuite skipped="0" hostname="DESKTOP-0VKQUJV" name="com.vtiger.testpom.CreateProjectTaskWithName1" tests="1" failures="0" timestamp="2019-11-12T11:14:17 IST" time="70.716" errors="0">
  <testcase name="validLogin" time="70.716" classname="com.vtiger.testpom.CreateProjectTaskWithName1"/>
</testsuite> <!-- com.vtiger.testpom.CreateProjectTaskWithName1 -->
