<?xml version="1.0" encoding="UTF-8"?>
<!-- Generated by org.testng.reporters.JUnitReportReporter -->
<testsuite skipped="0" hostname="DESKTOP-0VKQUJV" name="com.vtiger.testpom.CreateProjectTaskWithName2" tests="1" failures="0" timestamp="2019-11-12T12:58:41 IST" time="78.488" errors="0">
  <testcase name="validLogin" time="78.488" classname="com.vtiger.testpom.CreateProjectTaskWithName2"/>
</testsuite> <!-- com.vtiger.testpom.CreateProjectTaskWithName2 -->
