<?xml version="1.0" encoding="UTF-8"?>
<!-- Generated by org.testng.reporters.JUnitReportReporter -->
<testsuite skipped="0" hostname="DESKTOP-0VKQUJV" name="com.vtiger.testpom.DeleteTestcaseProjectTask" tests="1" failures="0" timestamp="2019-11-12T16:08:20 IST" time="71.538" errors="0">
  <testcase name="validLogin" time="71.538" classname="com.vtiger.testpom.DeleteTestcaseProjectTask"/>
</testsuite> <!-- com.vtiger.testpom.DeleteTestcaseProjectTask -->
