<?xml version="1.0" encoding="UTF-8"?>
<!-- Generated by org.testng.reporters.JUnitReportReporter -->
<testsuite skipped="0" hostname="DESKTOP-0VKQUJV" name="com.vtiger.testpom.CreateProjectTaskWithName" tests="1" failures="0" timestamp="2019-11-11T19:08:10 IST" time="82.677" errors="0">
  <testcase name="validLogin" time="82.677" classname="com.vtiger.testpom.CreateProjectTaskWithName"/>
</testsuite> <!-- com.vtiger.testpom.CreateProjectTaskWithName -->
