<?xml version="1.0" encoding="UTF-8"?>
<!-- Generated by org.testng.reporters.JUnitReportReporter -->
<testsuite skipped="0" hostname="DESKTOP-0VKQUJV" name="com.vtiger.testpom.ModifyTestsuiteProjectTaskName" tests="1" failures="0" timestamp="2019-11-12T16:39:32 IST" time="60.385" errors="0">
  <testcase name="deleteTask" time="60.385" classname="com.vtiger.testpom.ModifyTestsuiteProjectTaskName"/>
</testsuite> <!-- com.vtiger.testpom.ModifyTestsuiteProjectTaskName -->
