<?xml version="1.0" encoding="UTF-8"?>
<!-- Generated by org.testng.reporters.JUnitReportReporter -->
<testsuite skipped="0" hostname="DESKTOP-0VKQUJV" name="com.vtiger.testpom.DeleteTestProjectTask" tests="1" failures="0" timestamp="2019-11-12T17:30:23 IST" time="68.600" errors="0">
  <testcase name="deleteTask" time="68.600" classname="com.vtiger.testpom.DeleteTestProjectTask"/>
</testsuite> <!-- com.vtiger.testpom.DeleteTestProjectTask -->
